  Character.cpp
c:\users\a09\desktop\jeongyunseon\project1 - 복사본\project1\mapdraw.h(20): warning C4838: 'int'에서 'SHORT'(으)로의 변환에는 축소 변환이 필요합니다.
c:\users\a09\desktop\jeongyunseon\project1 - 복사본\project1\character.cpp(28): warning C4244: '인수': 'double'에서 'int'(으)로 변환하면서 데이터가 손실될 수 있습니다.
c:\users\a09\desktop\jeongyunseon\project1 - 복사본\project1\character.cpp(23): warning C4101: 'iGold' :참조되지 않은 지역 변수입니다.
c:\users\a09\desktop\jeongyunseon\project1 - 복사본\project1\character.cpp(78): warning C4244: '인수': 'double'에서 'int'(으)로 변환하면서 데이터가 손실될 수 있습니다.
c:\users\a09\desktop\jeongyunseon\project1 - 복사본\project1\character.cpp(79): warning C4244: '인수': 'double'에서 'int'(으)로 변환하면서 데이터가 손실될 수 있습니다.
c:\users\a09\desktop\jeongyunseon\project1 - 복사본\project1\character.cpp(91): warning C4244: '인수': 'double'에서 'int'(으)로 변환하면서 데이터가 손실될 수 있습니다.
c:\users\a09\desktop\jeongyunseon\project1 - 복사본\project1\character.cpp(76): warning C4996: 'getch': The POSIX name for this item is deprecated. Instead, use the ISO C and C++ conformant name: _getch. See online help for details.
  c:\program files (x86)\windows kits\10\include\10.0.17763.0\ucrt\conio.h(453): note: 'getch' 선언을 참조하십시오.
c:\users\a09\desktop\jeongyunseon\project1 - 복사본\project1\character.cpp(85): warning C4996: 'getch': The POSIX name for this item is deprecated. Instead, use the ISO C and C++ conformant name: _getch. See online help for details.
  c:\program files (x86)\windows kits\10\include\10.0.17763.0\ucrt\conio.h(453): note: 'getch' 선언을 참조하십시오.
c:\users\a09\desktop\jeongyunseon\project1 - 복사본\project1\character.cpp(90): warning C4996: 'getch': The POSIX name for this item is deprecated. Instead, use the ISO C and C++ conformant name: _getch. See online help for details.
  c:\program files (x86)\windows kits\10\include\10.0.17763.0\ucrt\conio.h(453): note: 'getch' 선언을 참조하십시오.
c:\users\a09\desktop\jeongyunseon\project1 - 복사본\project1\character.cpp(92): warning C4996: 'getch': The POSIX name for this item is deprecated. Instead, use the ISO C and C++ conformant name: _getch. See online help for details.
  c:\program files (x86)\windows kits\10\include\10.0.17763.0\ucrt\conio.h(453): note: 'getch' 선언을 참조하십시오.
c:\users\a09\desktop\jeongyunseon\project1 - 복사본\project1\character.cpp(102): warning C4996: 'getch': The POSIX name for this item is deprecated. Instead, use the ISO C and C++ conformant name: _getch. See online help for details.
  c:\program files (x86)\windows kits\10\include\10.0.17763.0\ucrt\conio.h(453): note: 'getch' 선언을 참조하십시오.
c:\users\a09\desktop\jeongyunseon\project1 - 복사본\project1\character.cpp(75): warning C4101: 'Num' :참조되지 않은 지역 변수입니다.
c:\users\a09\desktop\jeongyunseon\project1 - 복사본\project1\character.cpp(110): warning C4244: '인수': 'double'에서 'int'(으)로 변환하면서 데이터가 손실될 수 있습니다.
c:\users\a09\desktop\jeongyunseon\project1 - 복사본\project1\character.cpp(113): warning C4244: '인수': 'double'에서 'int'(으)로 변환하면서 데이터가 손실될 수 있습니다.
c:\users\a09\desktop\jeongyunseon\project1 - 복사본\project1\character.cpp(116): warning C4244: '인수': 'double'에서 'int'(으)로 변환하면서 데이터가 손실될 수 있습니다.
c:\users\a09\desktop\jeongyunseon\project1 - 복사본\project1\character.cpp(118): warning C4244: '+=': 'double'에서 'int'(으)로 변환하면서 데이터가 손실될 수 있습니다.
c:\users\a09\desktop\jeongyunseon\project1 - 복사본\project1\character.cpp(132): warning C4996: 'getch': The POSIX name for this item is deprecated. Instead, use the ISO C and C++ conformant name: _getch. See online help for details.
  c:\program files (x86)\windows kits\10\include\10.0.17763.0\ucrt\conio.h(453): note: 'getch' 선언을 참조하십시오.
c:\users\a09\desktop\jeongyunseon\project1 - 복사본\project1\character.cpp(141): error C2039: 'Attack': 'Weapon'의 멤버가 아닙니다.
  c:\users\a09\desktop\jeongyunseon\project1 - 복사본\project1\character.h(34): note: 'Weapon' 선언을 참조하십시오.
  Game.cpp
c:\users\a09\desktop\jeongyunseon\project1 - 복사본\project1\mapdraw.h(20): warning C4838: 'int'에서 'SHORT'(으)로의 변환에는 축소 변환이 필요합니다.
c:\users\a09\desktop\jeongyunseon\project1 - 복사본\project1\game.cpp(11): warning C4244: '인수': 'time_t'에서 'unsigned int'(으)로 변환하면서 데이터가 손실될 수 있습니다.
c:\users\a09\desktop\jeongyunseon\project1 - 복사본\project1\game.cpp(13): warning C4996: 'sprintf': This function or variable may be unsafe. Consider using sprintf_s instead. To disable deprecation, use _CRT_SECURE_NO_WARNINGS. See online help for details.
  c:\program files (x86)\windows kits\10\include\10.0.17763.0\ucrt\stdio.h(1774): note: 'sprintf' 선언을 참조하십시오.
c:\users\a09\desktop\jeongyunseon\project1 - 복사본\project1\game.cpp(55): warning C4244: '인수': 'float'에서 'int'(으)로 변환하면서 데이터가 손실될 수 있습니다.
c:\users\a09\desktop\jeongyunseon\project1 - 복사본\project1\game.cpp(56): warning C4244: '인수': 'float'에서 'int'(으)로 변환하면서 데이터가 손실될 수 있습니다.
c:\users\a09\desktop\jeongyunseon\project1 - 복사본\project1\game.cpp(57): warning C4244: '인수': 'float'에서 'int'(으)로 변환하면서 데이터가 손실될 수 있습니다.
c:\users\a09\desktop\jeongyunseon\project1 - 복사본\project1\game.cpp(58): warning C4244: '인수': 'float'에서 'int'(으)로 변환하면서 데이터가 손실될 수 있습니다.
c:\users\a09\desktop\jeongyunseon\project1 - 복사본\project1\game.cpp(88): warning C4244: '인수': 'double'에서 'int'(으)로 변환하면서 데이터가 손실될 수 있습니다.
c:\users\a09\desktop\jeongyunseon\project1 - 복사본\project1\game.cpp(94): warning C4244: '=': 'double'에서 'int'(으)로 변환하면서 데이터가 손실될 수 있습니다.
c:\users\a09\desktop\jeongyunseon\project1 - 복사본\project1\game.cpp(90): warning C4996: 'getch': The POSIX name for this item is deprecated. Instead, use the ISO C and C++ conformant name: _getch. See online help for details.
  c:\program files (x86)\windows kits\10\include\10.0.17763.0\ucrt\conio.h(453): note: 'getch' 선언을 참조하십시오.
c:\users\a09\desktop\jeongyunseon\project1 - 복사본\project1\game.cpp(97): warning C4996: 'getch': The POSIX name for this item is deprecated. Instead, use the ISO C and C++ conformant name: _getch. See online help for details.
  c:\program files (x86)\windows kits\10\include\10.0.17763.0\ucrt\conio.h(453): note: 'getch' 선언을 참조하십시오.
c:\users\a09\desktop\jeongyunseon\project1 - 복사본\project1\game.cpp(131): warning C4244: '인수': 'double'에서 'int'(으)로 변환하면서 데이터가 손실될 수 있습니다.
c:\users\a09\desktop\jeongyunseon\project1 - 복사본\project1\game.cpp(132): warning C4244: '인수': 'double'에서 'int'(으)로 변환하면서 데이터가 손실될 수 있습니다.
c:\users\a09\desktop\jeongyunseon\project1 - 복사본\project1\game.cpp(134): warning C4244: '인수': 'double'에서 'int'(으)로 변환하면서 데이터가 손실될 수 있습니다.
c:\users\a09\desktop\jeongyunseon\project1 - 복사본\project1\game.cpp(136): warning C4244: '인수': 'double'에서 'int'(으)로 변환하면서 데이터가 손실될 수 있습니다.
c:\users\a09\desktop\jeongyunseon\project1 - 복사본\project1\game.cpp(151): warning C4244: '인수': 'double'에서 'int'(으)로 변환하면서 데이터가 손실될 수 있습니다.
c:\users\a09\desktop\jeongyunseon\project1 - 복사본\project1\game.cpp(154): warning C4244: '인수': 'double'에서 'int'(으)로 변환하면서 데이터가 손실될 수 있습니다.
c:\users\a09\desktop\jeongyunseon\project1 - 복사본\project1\game.cpp(160): warning C4244: '인수': 'double'에서 'int'(으)로 변환하면서 데이터가 손실될 수 있습니다.
c:\users\a09\desktop\jeongyunseon\project1 - 복사본\project1\game.cpp(161): warning C4244: '인수': 'double'에서 'int'(으)로 변환하면서 데이터가 손실될 수 있습니다.
c:\users\a09\desktop\jeongyunseon\project1 - 복사본\project1\game.cpp(166): warning C4244: '인수': 'double'에서 'int'(으)로 변환하면서 데이터가 손실될 수 있습니다.
c:\users\a09\desktop\jeongyunseon\project1 - 복사본\project1\game.cpp(167): warning C4244: '인수': 'double'에서 'int'(으)로 변환하면서 데이터가 손실될 수 있습니다.
c:\users\a09\desktop\jeongyunseon\project1 - 복사본\project1\game.cpp(175): warning C4244: '인수': 'double'에서 'int'(으)로 변환하면서 데이터가 손실될 수 있습니다.
c:\users\a09\desktop\jeongyunseon\project1 - 복사본\project1\game.cpp(176): warning C4244: '인수': 'double'에서 'int'(으)로 변환하면서 데이터가 손실될 수 있습니다.
c:\users\a09\desktop\jeongyunseon\project1 - 복사본\project1\game.cpp(181): warning C4244: '인수': 'double'에서 'int'(으)로 변환하면서 데이터가 손실될 수 있습니다.
c:\users\a09\desktop\jeongyunseon\project1 - 복사본\project1\game.cpp(182): warning C4244: '인수': 'double'에서 'int'(으)로 변환하면서 데이터가 손실될 수 있습니다.
c:\users\a09\desktop\jeongyunseon\project1 - 복사본\project1\game.cpp(188): warning C4244: '인수': 'double'에서 'int'(으)로 변환하면서 데이터가 손실될 수 있습니다.
c:\users\a09\desktop\jeongyunseon\project1 - 복사본\project1\game.cpp(189): warning C4244: '인수': 'double'에서 'int'(으)로 변환하면서 데이터가 손실될 수 있습니다.
  소스.cpp
c:\users\a09\desktop\jeongyunseon\project1 - 복사본\project1\mapdraw.h(20): warning C4838: 'int'에서 'SHORT'(으)로의 변환에는 축소 변환이 필요합니다.
c:\users\a09\desktop\jeongyunseon\project1 - 복사본\project1\소스.cpp(6): warning C4326: 'main'의 반환 형식이 'int'이어야 하는데 'void'입니다.
  코드를 생성하고 있습니다...
